#
# There is insufficient memory for the Java Runtime Environment to continue.
# Native memory allocation (malloc) failed to allocate 640016 bytes for Chunk::new
# Possible reasons:
#   The system is out of physical RAM or swap space
#   In 32 bit mode, the process size limit was hit
# Possible solutions:
#   Reduce memory load on the system
#   Increase physical memory or swap space
#   Check if swap backing store is full
#   Use 64 bit Java on a 64 bit OS
#   Decrease Java heap size (-Xmx/-Xms)
#   Decrease number of Java threads
#   Decrease Java thread stack sizes (-Xss)
#   Set larger code cache with -XX:ReservedCodeCacheSize=
# This output file may be truncated or incomplete.
#
#  Out of Memory Error (allocation.cpp:390), pid=10668, tid=16252
#
# JRE version: Java(TM) SE Runtime Environment (8.0_25-b18) (build 1.8.0_25-b18)
# Java VM: Java HotSpot(TM) 64-Bit Server VM (25.25-b02 mixed mode windows-amd64 compressed oops)
# Failed to write core dump. Minidumps are not enabled by default on client versions of Windows
#

---------------  T H R E A D  ---------------

Current thread (0x0000000005f9f800):  JavaThread "C2 CompilerThread0" daemon [_thread_in_native, id=16252, stack(0x00000000073e0000,0x00000000074e0000)]

Stack: [0x00000000073e0000,0x00000000074e0000]
Native frames: (J=compiled Java code, j=interpreted, Vv=VM code, C=native code)
V  [jvm.dll+0x31667a]
V  [jvm.dll+0x267073]
V  [jvm.dll+0x267cb3]
V  [jvm.dll+0x25f5b5]
V  [jvm.dll+0xbf165]
V  [jvm.dll+0xbf60c]
V  [jvm.dll+0x478fbc]
V  [jvm.dll+0x446103]
V  [jvm.dll+0x45130e]
V  [jvm.dll+0x4538f8]
V  [jvm.dll+0x437372]
V  [jvm.dll+0x98a02]
V  [jvm.dll+0x991f3]
V  [jvm.dll+0x22bde4]
V  [jvm.dll+0x2852fa]
C  [msvcr100.dll+0x21d9f]
C  [msvcr100.dll+0x21e3b]
C  [KERNEL32.DLL+0x12d92]
C  [ntdll.dll+0x9f64]


Current CompileTask:
C2:   6193 2084   !   4       java.net.URLClassLoader$1::run (73 bytes)


---------------  P R O C E S S  ---------------

Java Threads: ( => current thread )
  0x0000000007d76800 JavaThread "File lock request listener" [_thread_in_native, id=10388, stack(0x000000000a6d0000,0x000000000a7d0000)]
  0x0000000007d78000 JavaThread "Stdin handler" [_thread_blocked, id=6508, stack(0x0000000009fd0000,0x000000000a0d0000)]
  0x0000000007d75800 JavaThread "Daemon worker" [_thread_in_Java, id=14660, stack(0x0000000009ed0000,0x0000000009fd0000)]
  0x0000000007d75000 JavaThread "Cancel handler" [_thread_blocked, id=14516, stack(0x0000000009dd0000,0x0000000009ed0000)]
  0x0000000007d7a000 JavaThread "Handler for socket connection from /127.0.0.1:64413 to /127.0.0.1:64414" [_thread_in_native, id=12044, stack(0x0000000009cd0000,0x0000000009dd0000)]
  0x0000000007d74000 JavaThread "Daemon" [_thread_blocked, id=3024, stack(0x0000000009bd0000,0x0000000009cd0000)]
  0x0000000007d7b000 JavaThread "Incoming local TCP Connector on port 64413" [_thread_in_native, id=8900, stack(0x00000000097f0000,0x00000000098f0000)]
  0x0000000005ffd800 JavaThread "Service Thread" daemon [_thread_blocked, id=5840, stack(0x0000000007ae0000,0x0000000007be0000)]
  0x0000000005fa8000 JavaThread "C1 CompilerThread2" daemon [_thread_in_native, id=5600, stack(0x00000000075e0000,0x00000000076e0000)]
  0x0000000005fa3000 JavaThread "C2 CompilerThread1" daemon [_thread_in_native, id=11276, stack(0x00000000074e0000,0x00000000075e0000)]
=>0x0000000005f9f800 JavaThread "C2 CompilerThread0" daemon [_thread_in_native, id=16252, stack(0x00000000073e0000,0x00000000074e0000)]
  0x0000000005f9b000 JavaThread "Attach Listener" daemon [_thread_blocked, id=12488, stack(0x00000000072e0000,0x00000000073e0000)]
  0x0000000005f99800 JavaThread "Signal Dispatcher" daemon [_thread_blocked, id=14644, stack(0x00000000071e0000,0x00000000072e0000)]
  0x0000000001358000 JavaThread "Finalizer" daemon [_thread_blocked, id=1820, stack(0x00000000070e0000,0x00000000071e0000)]
  0x000000000134f000 JavaThread "Reference Handler" daemon [_thread_blocked, id=704, stack(0x0000000006fe0000,0x00000000070e0000)]
  0x0000000001262800 JavaThread "main" [_thread_blocked, id=1752, stack(0x0000000001160000,0x0000000001260000)]

Other Threads:
  0x0000000005f65800 VMThread [stack: 0x0000000006ee0000,0x0000000006fe0000] [id=15292]
  0x000000000770a000 WatcherThread [stack: 0x0000000007be0000,0x0000000007ce0000] [id=8524]

VM state:not at safepoint (normal execution)

VM Mutex/Monitor currently owned by a thread: None

Heap:
 PSYoungGen      total 57856K, used 43805K [0x00000000eab00000, 0x00000000ef080000, 0x0000000100000000)
  eden space 46080K, 92% used [0x00000000eab00000,0x00000000ed49a4f0,0x00000000ed800000)
  from space 11776K, 10% used [0x00000000ed800000,0x00000000ed92d0f0,0x00000000ee380000)
  to   space 11264K, 0% used [0x00000000ee380000,0x00000000ee380000,0x00000000eee80000)
 ParOldGen       total 66560K, used 8426K [0x00000000c0000000, 0x00000000c4100000, 0x00000000eab00000)
  object space 66560K, 12% used [0x00000000c0000000,0x00000000c083a9a8,0x00000000c4100000)
 Metaspace       used 22022K, capacity 22488K, committed 22656K, reserved 1069056K
  class space    used 2912K, capacity 3077K, committed 3200K, reserved 1048576K

Card table byte_map: [0x0000000001720000,0x0000000001930000] byte_map_base: 0x0000000001120000

Marking Bits: (ParMarkBitMap*) 0x0000000050e1d490
 Begin Bits: [0x0000000003400000, 0x0000000004400000)
 End Bits:   [0x0000000004400000, 0x0000000005400000)

Polling page: 0x0000000000d60000

CodeCache: size=245760Kb used=7998Kb max_used=7998Kb free=237761Kb
 bounds [0x000000000f010000, 0x000000000f7f0000, 0x000000001e010000]
 total_blobs=2719 nmethods=2102 adapters=530
 compilation: enabled

Compilation events (10 events):
Event: 5.923 Thread 0x0000000005fa8000 2086       1       groovy.lang.GroovyClassLoader::getResourceLoader (5 bytes)
Event: 5.923 Thread 0x0000000005fa8000 nmethod 2086 0x000000000f7d7dd0 code [0x000000000f7d7f20, 0x000000000f7d8030]
Event: 5.923 Thread 0x0000000005fa8000 2087       1       org.codehaus.groovy.ast.ImportNode::getPackageName (5 bytes)
Event: 5.923 Thread 0x0000000005fa8000 nmethod 2087 0x000000000f7d7b10 code [0x000000000f7d7c60, 0x000000000f7d7d70]
Event: 5.986 Thread 0x0000000005fa8000 2088       1       com.google.common.collect.MapMakerInternalMap$2::offer (2 bytes)
Event: 5.986 Thread 0x0000000005fa8000 nmethod 2088 0x000000000f7db710 code [0x000000000f7db860, 0x000000000f7db970]
Event: 5.990 Thread 0x0000000005fa8000 2089       1       com.google.common.collect.MapMakerInternalMap$2::size (2 bytes)
Event: 5.990 Thread 0x0000000005fa8000 nmethod 2089 0x000000000f7db450 code [0x000000000f7db5a0, 0x000000000f7db6b0]
Event: 6.026 Thread 0x0000000005fa8000 2090       3       com.google.common.collect.MapMakerInternalMap$WeakValueReference::copyFor (11 bytes)
Event: 6.027 Thread 0x0000000005fa8000 nmethod 2090 0x000000000f7dacd0 code [0x000000000f7dae60, 0x000000000f7db250]

GC Heap History (10 events):
Event: 4.906 GC heap before
{Heap before GC invocations=4 (full 0):
 PSYoungGen      total 38400K, used 30401K [0x00000000eab00000, 0x00000000ed580000, 0x0000000100000000)
  eden space 33280K, 76% used [0x00000000eab00000,0x00000000ec3b4580,0x00000000ecb80000)
  from space 5120K, 99% used [0x00000000ecb80000,0x00000000ed07c030,0x00000000ed080000)
  to   space 5120K, 0% used [0x00000000ed080000,0x00000000ed080000,0x00000000ed580000)
 ParOldGen       total 87552K, used 5031K [0x00000000c0000000, 0x00000000c5580000, 0x00000000eab00000)
  object space 87552K, 5% used [0x00000000c0000000,0x00000000c04e9c40,0x00000000c5580000)
 Metaspace       used 20631K, capacity 21108K, committed 21296K, reserved 1067008K
  class space    used 2773K, capacity 2917K, committed 2944K, reserved 1048576K
Event: 4.918 GC heap after
Heap after GC invocations=4 (full 0):
 PSYoungGen      total 38400K, used 5088K [0x00000000eab00000, 0x00000000ed580000, 0x0000000100000000)
  eden space 33280K, 0% used [0x00000000eab00000,0x00000000eab00000,0x00000000ecb80000)
  from space 5120K, 99% used [0x00000000ed080000,0x00000000ed578040,0x00000000ed580000)
  to   space 5120K, 0% used [0x00000000ecb80000,0x00000000ecb80000,0x00000000ed080000)
 ParOldGen       total 87552K, used 8152K [0x00000000c0000000, 0x00000000c5580000, 0x00000000eab00000)
  object space 87552K, 9% used [0x00000000c0000000,0x00000000c07f62a8,0x00000000c5580000)
 Metaspace       used 20631K, capacity 21108K, committed 21296K, reserved 1067008K
  class space    used 2773K, capacity 2917K, committed 2944K, reserved 1048576K
}
Event: 4.918 GC heap before
{Heap before GC invocations=5 (full 1):
 PSYoungGen      total 38400K, used 5088K [0x00000000eab00000, 0x00000000ed580000, 0x0000000100000000)
  eden space 33280K, 0% used [0x00000000eab00000,0x00000000eab00000,0x00000000ecb80000)
  from space 5120K, 99% used [0x00000000ed080000,0x00000000ed578040,0x00000000ed580000)
  to   space 5120K, 0% used [0x00000000ecb80000,0x00000000ecb80000,0x00000000ed080000)
 ParOldGen       total 87552K, used 8152K [0x00000000c0000000, 0x00000000c5580000, 0x00000000eab00000)
  object space 87552K, 9% used [0x00000000c0000000,0x00000000c07f62a8,0x00000000c5580000)
 Metaspace       used 20631K, capacity 21108K, committed 21296K, reserved 1067008K
  class space    used 2773K, capacity 2917K, committed 2944K, reserved 1048576K
Event: 4.978 GC heap after
Heap after GC invocations=5 (full 1):
 PSYoungGen      total 38400K, used 0K [0x00000000eab00000, 0x00000000ed580000, 0x0000000100000000)
  eden space 33280K, 0% used [0x00000000eab00000,0x00000000eab00000,0x00000000ecb80000)
  from space 5120K, 0% used [0x00000000ed080000,0x00000000ed080000,0x00000000ed580000)
  to   space 5120K, 0% used [0x00000000ecb80000,0x00000000ecb80000,0x00000000ed080000)
 ParOldGen       total 66560K, used 8410K [0x00000000c0000000, 0x00000000c4100000, 0x00000000eab00000)
  object space 66560K, 12% used [0x00000000c0000000,0x00000000c08369a8,0x00000000c4100000)
 Metaspace       used 20630K, capacity 21106K, committed 21296K, reserved 1067008K
  class space    used 2772K, capacity 2916K, committed 2944K, reserved 1048576K
}
Event: 5.416 GC heap before
{Heap before GC invocations=6 (full 1):
 PSYoungGen      total 38400K, used 33280K [0x00000000eab00000, 0x00000000ed580000, 0x0000000100000000)
  eden space 33280K, 100% used [0x00000000eab00000,0x00000000ecb80000,0x00000000ecb80000)
  from space 5120K, 0% used [0x00000000ed080000,0x00000000ed080000,0x00000000ed580000)
  to   space 5120K, 0% used [0x00000000ecb80000,0x00000000ecb80000,0x00000000ed080000)
 ParOldGen       total 66560K, used 8410K [0x00000000c0000000, 0x00000000c4100000, 0x00000000eab00000)
  object space 66560K, 12% used [0x00000000c0000000,0x00000000c08369a8,0x00000000c4100000)
 Metaspace       used 21978K, capacity 22488K, committed 22656K, reserved 1069056K
  class space    used 2912K, capacity 3077K, committed 3200K, reserved 1048576K
Event: 5.419 GC heap after
Heap after GC invocations=6 (full 1):
 PSYoungGen      total 38400K, used 1660K [0x00000000eab00000, 0x00000000eee80000, 0x0000000100000000)
  eden space 33280K, 0% used [0x00000000eab00000,0x00000000eab00000,0x00000000ecb80000)
  from space 5120K, 32% used [0x00000000ecb80000,0x00000000ecd1f170,0x00000000ed080000)
  to   space 11264K, 0% used [0x00000000ee380000,0x00000000ee380000,0x00000000eee80000)
 ParOldGen       total 66560K, used 8418K [0x00000000c0000000, 0x00000000c4100000, 0x00000000eab00000)
  object space 66560K, 12% used [0x00000000c0000000,0x00000000c08389a8,0x00000000c4100000)
 Metaspace       used 21978K, capacity 22488K, committed 22656K, reserved 1069056K
  class space    used 2912K, capacity 3077K, committed 3200K, reserved 1048576K
}
Event: 5.608 GC heap before
{Heap before GC invocations=7 (full 1):
 PSYoungGen      total 38400K, used 34940K [0x00000000eab00000, 0x00000000eee80000, 0x0000000100000000)
  eden space 33280K, 100% used [0x00000000eab00000,0x00000000ecb80000,0x00000000ecb80000)
  from space 5120K, 32% used [0x00000000ecb80000,0x00000000ecd1f170,0x00000000ed080000)
  to   space 11264K, 0% used [0x00000000ee380000,0x00000000ee380000,0x00000000eee80000)
 ParOldGen       total 66560K, used 8418K [0x00000000c0000000, 0x00000000c4100000, 0x00000000eab00000)
  object space 66560K, 12% used [0x00000000c0000000,0x00000000c08389a8,0x00000000c4100000)
 Metaspace       used 22013K, capacity 22488K, committed 22656K, reserved 1069056K
  class space    used 2912K, capacity 3077K, committed 3200K, reserved 1048576K
Event: 5.610 GC heap after
Heap after GC invocations=7 (full 1):
 PSYoungGen      total 57344K, used 1000K [0x00000000eab00000, 0x00000000ef080000, 0x0000000100000000)
  eden space 46080K, 0% used [0x00000000eab00000,0x00000000eab00000,0x00000000ed800000)
  from space 11264K, 8% used [0x00000000ee380000,0x00000000ee47a100,0x00000000eee80000)
  to   space 11776K, 0% used [0x00000000ed800000,0x00000000ed800000,0x00000000ee380000)
 ParOldGen       total 66560K, used 8426K [0x00000000c0000000, 0x00000000c4100000, 0x00000000eab00000)
  object space 66560K, 12% used [0x00000000c0000000,0x00000000c083a9a8,0x00000000c4100000)
 Metaspace       used 22013K, capacity 22488K, committed 22656K, reserved 1069056K
  class space    used 2912K, capacity 3077K, committed 3200K, reserved 1048576K
}
Event: 5.938 GC heap before
{Heap before GC invocations=8 (full 1):
 PSYoungGen      total 57344K, used 47080K [0x00000000eab00000, 0x00000000ef080000, 0x0000000100000000)
  eden space 46080K, 100% used [0x00000000eab00000,0x00000000ed800000,0x00000000ed800000)
  from space 11264K, 8% used [0x00000000ee380000,0x00000000ee47a100,0x00000000eee80000)
  to   space 11776K, 0% used [0x00000000ed800000,0x00000000ed800000,0x00000000ee380000)
 ParOldGen       total 66560K, used 8426K [0x00000000c0000000, 0x00000000c4100000, 0x00000000eab00000)
  object space 66560K, 12% used [0x00000000c0000000,0x00000000c083a9a8,0x00000000c4100000)
 Metaspace       used 22014K, capacity 22488K, committed 22656K, reserved 1069056K
  class space    used 2912K, capacity 3077K, committed 3200K, reserved 1048576K
Event: 5.942 GC heap after
Heap after GC invocations=8 (full 1):
 PSYoungGen      total 57856K, used 1204K [0x00000000eab00000, 0x00000000ef080000, 0x0000000100000000)
  eden space 46080K, 0% used [0x00000000eab00000,0x00000000eab00000,0x00000000ed800000)
  from space 11776K, 10% used [0x00000000ed800000,0x00000000ed92d0f0,0x00000000ee380000)
  to   space 11264K, 0% used [0x00000000ee380000,0x00000000ee380000,0x00000000eee80000)
 ParOldGen       total 66560K, used 8426K [0x00000000c0000000, 0x00000000c4100000, 0x00000000eab00000)
  object space 66560K, 12% used [0x00000000c0000000,0x00000000c083a9a8,0x00000000c4100000)
 Metaspace       used 22014K, capacity 22488K, committed 22656K, reserved 1069056K
  class space    used 2912K, capacity 3077K, committed 3200K, reserved 1048576K
}

Deoptimization events (10 events):
Event: 2.547 Thread 0x0000000007d75800 Uncommon trap: reason=class_check action=maybe_recompile pc=0x000000000f4dabb4 method=org.gradle.internal.service.DefaultServiceRegistry$SingletonService.getService(Lorg/gradle/internal/service/DefaultServiceRegistry$LookupContext;Lorg/gradle/internal/servA>Z¼(,@
Event: 3.897 Thread 0x0000000007d75800 Uncommon trap: reason=unreached action=reinterpret pc=0x000000000f52e700 method=java.lang.ClassLoader.getPackage(Ljava/lang/String;)Ljava/lang/Package; @ 60
Event: 4.022 Thread 0x0000000007d75800 Uncommon trap: reason=unreached action=reinterpret pc=0x000000000f33edcc method=java.lang.AbstractStringBuilder.append(Ljava/lang/String;)Ljava/lang/AbstractStringBuilder; @ 1
Event: 4.022 Thread 0x0000000007d75800 Uncommon trap: reason=unreached action=reinterpret pc=0x000000000f2a0a28 method=java.lang.AbstractStringBuilder.append(Ljava/lang/String;)Ljava/lang/AbstractStringBuilder; @ 1
Event: 4.636 Thread 0x0000000007d75800 Uncommon trap: reason=class_check action=maybe_recompile pc=0x000000000f3b4324 method=sun.misc.URLClassPath.getLoader(I)Lsun/misc/URLClassPath$Loader; @ 94
Event: 4.636 Thread 0x0000000007d75800 Uncommon trap: reason=class_check action=maybe_recompile pc=0x000000000f3128e8 method=sun.misc.URLClassPath.getResource(Ljava/lang/String;Z)Lsun/misc/Resource; @ 53
Event: 4.653 Thread 0x0000000007d75800 Uncommon trap: reason=class_check action=maybe_recompile pc=0x000000000f3b43c4 method=sun.misc.URLClassPath.getLoader(I)Lsun/misc/URLClassPath$Loader; @ 150
Event: 4.654 Thread 0x0000000007d75800 Uncommon trap: reason=class_check action=maybe_recompile pc=0x000000000f3b43c4 method=sun.misc.URLClassPath.getLoader(I)Lsun/misc/URLClassPath$Loader; @ 150
Event: 4.678 Thread 0x0000000007d75800 Uncommon trap: reason=class_check action=maybe_recompile pc=0x000000000f3b43c4 method=sun.misc.URLClassPath.getLoader(I)Lsun/misc/URLClassPath$Loader; @ 150
Event: 4.782 Thread 0x0000000007d75800 Uncommon trap: reason=unreached action=reinterpret pc=0x000000000f5cf45c method=java.lang.Class$MethodArray.addIfNotPresent(Ljava/lang/reflect/Method;)V @ 19

Internal exceptions (10 events):
Event: 6.166 Thread 0x0000000007d75800 Exception <a 'java/security/PrivilegedActionException'> (0x00000000ecb58fe8) thrown at [D:\re\workspace\8-2-build-windows-amd64-cygwin\jdk8u25\1677\hotspot\src\share\vm\prims\jvm.cpp, line 1312]
Event: 6.166 Thread 0x0000000007d75800 Exception <a 'java/security/PrivilegedActionException'> (0x00000000ecb5e7f8) thrown at [D:\re\workspace\8-2-build-windows-amd64-cygwin\jdk8u25\1677\hotspot\src\share\vm\prims\jvm.cpp, line 1312]
Event: 6.167 Thread 0x0000000007d75800 Exception <a 'java/security/PrivilegedActionException'> (0x00000000ecb6c6e8) thrown at [D:\re\workspace\8-2-build-windows-amd64-cygwin\jdk8u25\1677\hotspot\src\share\vm\prims\jvm.cpp, line 1312]
Event: 6.167 Thread 0x0000000007d75800 Exception <a 'java/security/PrivilegedActionException'> (0x00000000ecb6dbd0) thrown at [D:\re\workspace\8-2-build-windows-amd64-cygwin\jdk8u25\1677\hotspot\src\share\vm\prims\jvm.cpp, line 1312]
Event: 6.168 Thread 0x0000000007d75800 Exception <a 'java/security/PrivilegedActionException'> (0x00000000ecb6eaf0) thrown at [D:\re\workspace\8-2-build-windows-amd64-cygwin\jdk8u25\1677\hotspot\src\share\vm\prims\jvm.cpp, line 1312]
Event: 6.168 Thread 0x0000000007d75800 Exception <a 'java/security/PrivilegedActionException'> (0x00000000ecb6fc70) thrown at [D:\re\workspace\8-2-build-windows-amd64-cygwin\jdk8u25\1677\hotspot\src\share\vm\prims\jvm.cpp, line 1312]
Event: 6.168 Thread 0x0000000007d75800 Exception <a 'java/security/PrivilegedActionException'> (0x00000000ecb70a98) thrown at [D:\re\workspace\8-2-build-windows-amd64-cygwin\jdk8u25\1677\hotspot\src\share\vm\prims\jvm.cpp, line 1312]
Event: 6.168 Thread 0x0000000007d75800 Exception <a 'java/security/PrivilegedActionException'> (0x00000000ecb76138) thrown at [D:\re\workspace\8-2-build-windows-amd64-cygwin\jdk8u25\1677\hotspot\src\share\vm\prims\jvm.cpp, line 1312]
Event: 6.168 Thread 0x0000000007d75800 Exception <a 'java/security/PrivilegedActionException'> (0x00000000ecb84028) thrown at [D:\re\workspace\8-2-build-windows-amd64-cygwin\jdk8u25\1677\hotspot\src\share\vm\prims\jvm.cpp, line 1312]
Event: 6.168 Thread 0x0000000007d75800 Exception <a 'java/security/PrivilegedActionException'> (0x00000000ecb85510) thrown at [D:\re\workspace\8-2-build-windows-amd64-cygwin\jdk8u25\1677\hotspot\src\share\vm\prims\jvm.cpp, line 1312]

Events (10 events):
Event: 6.166 loading class org/gradle/util/org/gradle$initialization$InitScript
Event: 6.166 loading class org/gradle/util/org/gradle$initialization$InitScript done
Event: 6.166 loading class org/gradle/util/org/gradle/initialization$InitScript
Event: 6.166 loading class org/gradle/util/org/gradle/initialization$InitScript done
Event: 6.166 loading class org/gradle/util/org/gradle/initialization$InitScript
Event: 6.166 loading class org/gradle/util/org/gradle/initialization$InitScript done
Event: 6.167 loading class org/gradle/util/org/gradle/initialization/InitScript
Event: 6.167 loading class org/gradle/util/org/gradle/initialization/InitScript done
Event: 6.168 loading class org/gradle/util/org/gradle/initialization/InitScript
Event: 6.168 loading class org/gradle/util/org/gradle/initialization/InitScript done


Dynamic libraries:
0x00007ff6b67d0000 - 0x00007ff6b6804000 	C:\Program Files\Java\jdk1.8.0_25\bin\java.exe
0x00007ffd753f0000 - 0x00007ffd755b1000 	C:\WINDOWS\SYSTEM32\ntdll.dll
0x00007ffd72e30000 - 0x00007ffd72edd000 	C:\WINDOWS\system32\KERNEL32.DLL
0x00007ffd72710000 - 0x00007ffd728ed000 	C:\WINDOWS\system32\KERNELBASE.dll
0x00007ffd732e0000 - 0x00007ffd73386000 	C:\WINDOWS\system32\ADVAPI32.dll
0x00007ffd73240000 - 0x00007ffd732dd000 	C:\WINDOWS\system32\msvcrt.dll
0x00007ffd72ae0000 - 0x00007ffd72b3b000 	C:\WINDOWS\system32\sechost.dll
0x00007ffd73800000 - 0x00007ffd73926000 	C:\WINDOWS\system32\RPCRT4.dll
0x00007ffd72ce0000 - 0x00007ffd72e2e000 	C:\WINDOWS\system32\USER32.dll
0x00007ffd730b0000 - 0x00007ffd73236000 	C:\WINDOWS\system32\GDI32.dll
0x00007ffd6e070000 - 0x00007ffd6e2e4000 	C:\WINDOWS\WinSxS\amd64_microsoft.windows.common-controls_6595b64144ccf1df_6.0.10240.16384_none_f41f7b285750ef43\COMCTL32.dll
0x00007ffd73410000 - 0x00007ffd73446000 	C:\WINDOWS\system32\IMM32.DLL
0x00007ffd75170000 - 0x00007ffd752cc000 	C:\WINDOWS\system32\MSCTF.dll
0x00007ffd6ea10000 - 0x00007ffd6ea41000 	C:\Windows\system32\nvinitx.dll
0x00007ffd71d00000 - 0x00007ffd71d0a000 	C:\WINDOWS\SYSTEM32\VERSION.dll
0x000000000f000000 - 0x000000000f006000 	C:\Program Files\NVIDIA Corporation\CoProcManager\_etoured.dll
0x00007ffd6eea0000 - 0x00007ffd6eed3000 	C:\Program Files\NVIDIA Corporation\CoProcManager\nvd3d9wrapx.dll
0x00007ffd72ee0000 - 0x00007ffd730a5000 	C:\WINDOWS\system32\SETUPAPI.dll
0x00007ffd71f70000 - 0x00007ffd71fb4000 	C:\WINDOWS\system32\CFGMGR32.dll
0x00007ffd6fed0000 - 0x00007ffd6fef2000 	C:\Program Files\NVIDIA Corporation\CoProcManager\nvdxgiwrapx.dll
0x0000000050280000 - 0x0000000050352000 	C:\Program Files\Java\jdk1.8.0_25\jre\bin\msvcr100.dll
0x0000000050640000 - 0x0000000050e9a000 	C:\Program Files\Java\jdk1.8.0_25\jre\bin\server\jvm.dll
0x00007ffd73400000 - 0x00007ffd73408000 	C:\WINDOWS\system32\PSAPI.DLL
0x00007ffd65000000 - 0x00007ffd65009000 	C:\WINDOWS\SYSTEM32\WSOCK32.dll
0x00007ffd6ff50000 - 0x00007ffd6ff73000 	C:\WINDOWS\SYSTEM32\WINMM.dll
0x00007ffd73510000 - 0x00007ffd73579000 	C:\WINDOWS\system32\WS2_32.dll
0x00007ffd73930000 - 0x00007ffd73938000 	C:\WINDOWS\system32\NSI.dll
0x00007ffd6fd60000 - 0x00007ffd6fd8c000 	C:\WINDOWS\SYSTEM32\WINMMBASE.dll
0x00007ffd706a0000 - 0x00007ffd706c7000 	C:\WINDOWS\SYSTEM32\DEVOBJ.dll
0x00000000527c0000 - 0x00000000527cf000 	C:\Program Files\Java\jdk1.8.0_25\jre\bin\verify.dll
0x0000000051cd0000 - 0x0000000051cf8000 	C:\Program Files\Java\jdk1.8.0_25\jre\bin\java.dll
0x0000000051cb0000 - 0x0000000051cc6000 	C:\Program Files\Java\jdk1.8.0_25\jre\bin\zip.dll
0x00007ffd73a90000 - 0x00007ffd74fb2000 	C:\WINDOWS\system32\SHELL32.dll
0x00007ffd71fc0000 - 0x00007ffd725e8000 	C:\WINDOWS\system32\windows.storage.dll
0x00007ffd73580000 - 0x00007ffd737fc000 	C:\WINDOWS\system32\combase.dll
0x00007ffd72c80000 - 0x00007ffd72cd1000 	C:\WINDOWS\system32\shlwapi.dll
0x00007ffd71e90000 - 0x00007ffd71e9f000 	C:\WINDOWS\system32\kernel.appcore.dll
0x00007ffd725f0000 - 0x00007ffd726a3000 	C:\WINDOWS\system32\shcore.dll
0x00007ffd71e20000 - 0x00007ffd71e6a000 	C:\WINDOWS\system32\powrprof.dll
0x00007ffd71e70000 - 0x00007ffd71e83000 	C:\WINDOWS\system32\profapi.dll
0x0000000051c90000 - 0x0000000051caa000 	C:\Program Files\Java\jdk1.8.0_25\jre\bin\net.dll
0x00007ffd71580000 - 0x00007ffd715dd000 	C:\WINDOWS\system32\mswsock.dll
0x0000000051c70000 - 0x0000000051c81000 	C:\Program Files\Java\jdk1.8.0_25\jre\bin\nio.dll
0x00007ffd63230000 - 0x00007ffd63242000 	C:\Users\ahsan_000\.gradle\native\19\windows-amd64\native-platform.dll
0x00007ffd6f0d0000 - 0x00007ffd6f108000 	C:\WINDOWS\SYSTEM32\IPHLPAPI.DLL
0x00007ffd6efc0000 - 0x00007ffd6efcb000 	C:\WINDOWS\SYSTEM32\WINNSI.DLL
0x00007ffd6c9e0000 - 0x00007ffd6c9f6000 	C:\WINDOWS\SYSTEM32\dhcpcsvc6.DLL
0x00007ffd6dc90000 - 0x00007ffd6dcaa000 	C:\WINDOWS\SYSTEM32\dhcpcsvc.DLL
0x00007ffd71730000 - 0x00007ffd71747000 	C:\WINDOWS\SYSTEM32\CRYPTSP.dll
0x00007ffd71d50000 - 0x00007ffd71d78000 	C:\WINDOWS\SYSTEM32\bcrypt.dll
0x00007ffd71180000 - 0x00007ffd711b3000 	C:\WINDOWS\system32\rsaenh.dll
0x00007ffd71370000 - 0x00007ffd7138f000 	C:\WINDOWS\SYSTEM32\USERENV.dll
0x00007ffd71bf0000 - 0x00007ffd71c5b000 	C:\WINDOWS\system32\bcryptprimitives.dll
0x00007ffd71810000 - 0x00007ffd7181b000 	C:\WINDOWS\SYSTEM32\CRYPTBASE.dll
0x00007ffd6e700000 - 0x00007ffd6e88a000 	C:\WINDOWS\SYSTEM32\dbghelp.dll

VM Arguments:
jvm_args: -XX:MaxPermSize=256m -XX:+HeapDumpOnOutOfMemoryError -Xmx1024m -Dfile.encoding=windows-1252 -Duser.country=US -Duser.language=en -Duser.variant 
java_command: org.gradle.launcher.daemon.bootstrap.GradleDaemon 2.4 C:\Users\ahsan_000\.gradle C:\Users\ahsan_000\.gradle\daemon 10800000 87188653-47be-46af-9675-574e4e976033 -XX:MaxPermSize=256m -XX:+HeapDumpOnOutOfMemoryError -Xmx1024m -Dfile.encoding=windows-1252 -Duser.country=US -Duser.language=en -Duser.variant
java_class_path (initial): C:\Program Files\Android\Android Studio\gradle\gradle-2.4\lib\gradle-launcher-2.4.jar
Launcher Type: SUN_STANDARD

Environment Variables:
PATH=C:\ProgramData\Oracle\Java\javapath;C:\oraclexe\app\oracle\product\11.2.0\server\bin;;C:\Program Files (x86)\Intel\iCLS Client\;C:\Program Files\Intel\iCLS Client\;C:\WINDOWS\system32;C:\WINDOWS;C:\WINDOWS\System32\Wbem;C:\WINDOWS\System32\WindowsPowerShell\v1.0\;C:\Program Files (x86)\Windows Live\Shared;C:\Program Files (x86)\Intel\OpenCL SDK\2.0\bin\x86;C:\Program Files (x86)\Intel\OpenCL SDK\2.0\bin\x64;C:\Program Files\Intel\Intel(R) Management Engine Components\DAL;C:\Program Files\Intel\Intel(R) Management Engine Components\IPT;C:\Program Files (x86)\Intel\Intel(R) Management Engine Components\DAL;C:\Program Files (x86)\Intel\Intel(R) Management Engine Components\IPT;c:\Program Files (x86)\Microsoft SQL Server\100\Tools\Binn\;c:\Program Files\Microsoft SQL Server\100\Tools\Binn\;c:\Program Files\Microsoft SQL Server\100\DTS\Binn\;C:\Program Files\Microsoft\Web Platform Installer\;C:\Program Files\Microsoft SQL Server\110\Tools\Binn\;C:\Program Files (x86)\Windows Kits\8.1\Windows Performance Toolkit\;C:\Program Files\Java\jdk1.8.0_25\bin;C:\Program Files (x86)\Microsoft SDKs\TypeScript\1.0\;C:\Program Files\Microsoft SQL Server\120\Tools\Binn\;C:\Python25;C:\Program Files (x86)\NVIDIA Corporation\PhysX\Common;C:\WINDOWS\system32;C:\WINDOWS;C:\WINDOWS\System32\Wbem;C:\WINDOWS\System32\WindowsPowerShell\v1.0\;C:\Program Files (x86)\Skype\Phone\;C:\Program Files\Microsoft SQL Server\Client SDK\ODBC\110\Tools\Binn\;C:\Program Files (x86)\Microsoft SQL Server\120\Tools\Binn\;C:\Program Files\Microsoft SQL Server\120\DTS\Binn\;C:\Program Files (x86)\Microsoft SQL Server\120\Tools\Binn\ManagementStudio\;C:\Program Files (x86)\Microsoft SQL Server\120\DTS\Binn\
USERNAME=ahsan_000
OS=Windows_NT
PROCESSOR_IDENTIFIER=Intel64 Family 6 Model 58 Stepping 9, GenuineIntel



---------------  S Y S T E M  ---------------

OS: Windows 8.1 , 64 bit Build 9600 

CPU:total 4 (2 cores per cpu, 2 threads per core) family 6 model 58 stepping 9, cmov, cx8, fxsr, mmx, sse, sse2, sse3, ssse3, sse4.1, sse4.2, popcnt, avx, aes, clmul, erms, ht, tsc, tscinvbit, tscinv

Memory: 4k page, physical 8280024k(1376604k free), swap 33445848k(4396k free)

vm_info: Java HotSpot(TM) 64-Bit Server VM (25.25-b02) for windows-amd64 JRE (1.8.0_25-b18), built on Oct  7 2014 14:25:37 by "java_re" with MS VC++ 10.0 (VS2010)

time: Mon Oct 05 23:33:34 2015
elapsed time: 6 seconds (0d 0h 0m 6s)

